
ROM used: 581 (14%)
          581 (14%) including unused fragments

          2 Average locations per line
          32 Average locations per statement

RAM used: 15 (6%) at main() level
          29 (11%) worst case

Stack used: 1 worst case (out of 8 total available)

Lines Stmts  %   Files
----- ----- ---  -----
   36    18 100  adc_vref.c
  279     0   0  ..\..\..\..\..\..\..\Program Files (x86)\PICC\devices\16f688.h
----- -----
  315    18 Total

Page ROM  %  RAM   Vol Diff  Functions:
---- --- --- ---   --- ----  ----------
0     20   3   1             @delay_ms1
0    142  24  10   444  4.6  main
0     30   5   2             @ITOF
0    118  20  13             @MULFF
0    203  35  14             @DIVFF
0     64  11  10             @FLT

Program metrics:
    Functions               1
    Statements              18
    Comments                78
    Volume (V)              455
    Difficilty (D)          4.1
    Effort to implement (E) 1860
    Time to implement (T)   2 minutes
    Est Delivered Bugs (B)  0
    Cyclomatic Complexity   1
    Maintainability (MI)    137

 Segment     Used  Free
-----------  ----  ----
00000-00003     4  0  
00004-007FF   577  1467  
00800-00FFF     0  2048  



