
ROM used: 59 (1%)
          59 (1%) including unused fragments

          0 Average locations per line
          7 Average locations per statement

RAM used: 5 (2%) at main() level
          6 (2%) worst case

Stack used: 1 worst case (out of 8 total available)

Lines Stmts  %   Files
----- ----- ---  -----
   28     8 100  led_enciendeee.c
  279     0   0  ..\..\..\..\..\..\..\Program Files (x86)\PICC\devices\16f688.h
----- -----
  307     8 Total

Page ROM  %  RAM   Vol Diff  Functions:
---- --- --- ---   --- ----  ----------
0     20  34   1             @delay_ms1
0     35  59   0   127  1.7  main

Program metrics:
    Functions               1
    Statements              8
    Comments                75
    Volume (V)              130
    Difficilty (D)          1.6
    Effort to implement (E) 211
    Time to implement (T)   0 minutes
    Est Delivered Bugs (B)  0
    Cyclomatic Complexity   1
    Maintainability (MI)    149

 Segment     Used  Free
-----------  ----  ----
00000-00003     4  0  
00004-007FF    55  1989  
00800-00FFF     0  2048  



