
ROM used: 612 (15%)
          612 (15%) including unused fragments

          2 Average locations per line
          26 Average locations per statement

RAM used: 16 (6%) at main() level
          30 (12%) worst case

Stack used: 1 worst case (out of 8 total available)

Lines Stmts  %   Files
----- ----- ---  -----
   42    24 100  ADC_contador.c
  279     0   0  ..\..\..\..\..\..\..\..\Program Files (x86)\PICC\devices\16f688.h
----- -----
  321    24 Total

Page ROM  %  RAM   Vol Diff  Functions:
---- --- --- ---   --- ----  ----------
0     20   3   1             @delay_ms1
0    174  28  11   623  5.3  main
0     63  10  10             @FLT
0     30   5   2             @ITOF
0    118  19  13             @MULFF
0    203  33  14             @DIVFF

Program metrics:
    Functions               1
    Statements              24
    Comments                81
    Volume (V)              635
    Difficilty (D)          4.8
    Effort to implement (E) 3046
    Time to implement (T)   3 minutes
    Est Delivered Bugs (B)  0
    Cyclomatic Complexity   2
    Maintainability (MI)    135

 Segment     Used  Free
-----------  ----  ----
00000-00003     4  0  
00004-007FF   608  1436  
00800-00FFF     0  2048  



